<?xml version="1.0" encoding="UTF-8"?>
<!-- Generated by org.testng.reporters.JUnitReportReporter -->
<testsuite hostname="CBT-MH-000" name="LoginPage" tests="1" failures="0" timestamp="3 Oct 2019 06:28:08 GMT" time="12.224" errors="0">
  <testcase name="login" time="12.224" classname="LoginPage"/>
</testsuite> <!-- LoginPage -->
