<?xml version="1.0" encoding="UTF-8"?>
<!-- Generated by org.testng.reporters.JUnitReportReporter -->
<testsuite hostname="CBT-MH-000" name="RegistrationPage" tests="1" failures="0" timestamp="1 Oct 2019 12:07:52 GMT" time="22.739" errors="0">
  <testcase name="abc" time="22.739" classname="RegistrationPage"/>
</testsuite> <!-- RegistrationPage -->
